<?xml version="1.0" encoding="UTF-8"?>
<!-- Generated by org.testng.reporters.JUnitReportReporter -->
<testsuite skipped="0" hostname="DESKTOP-9744HUE" name="TestHowToAutomateWebDriverBinaries" tests="1" failures="0" timestamp="2020-03-28T12:29:06 GMT" time="47.300" errors="0">
  <testcase name="testAutomateBinaries" time="47.300" classname="TestHowToAutomateWebDriverBinaries"/>
  <system-out/>
</testsuite> <!-- TestHowToAutomateWebDriverBinaries -->
